<?xml version="1.0" encoding="UTF-8"?>
<!-- Generated by org.testng.reporters.JUnitReportReporter -->
<testsuite skipped="0" hostname="Rahiman" name="com.bridgelabz.seliniumtesting.tests.TestCases" tests="1" failures="0" timestamp="26 Apr 2020 07:33:34 GMT" time="31.678" errors="0">
  <testcase name="register" time="31.678" classname="com.bridgelabz.seliniumtesting.tests.TestCases"/>
</testsuite> <!-- com.bridgelabz.seliniumtesting.tests.TestCases -->
