<?xml version="1.0" encoding="UTF-8"?>
<!-- Generated by org.testng.reporters.JUnitReportReporter -->
<testsuite skipped="0" hostname="Rahiman" name="com.bridgelabz.seliniumtesting.tests.LabelTest" tests="1" failures="0" timestamp="26 Apr 2020 07:27:24 GMT" time="29.433" errors="0">
  <testcase name="labels" time="29.433" classname="com.bridgelabz.seliniumtesting.tests.LabelTest"/>
</testsuite> <!-- com.bridgelabz.seliniumtesting.tests.LabelTest -->
