<?xml version="1.0" encoding="UTF-8"?>
<!-- Generated by org.testng.reporters.JUnitReportReporter -->
<testsuite skipped="0" hostname="Rahiman" name="com.bridgelabz.seliniumtesting.tests.LoginTest" tests="1" failures="0" timestamp="26 Apr 2020 07:22:32 GMT" time="11.529" errors="0">
  <testcase name="login" time="11.529" classname="com.bridgelabz.seliniumtesting.tests.LoginTest"/>
</testsuite> <!-- com.bridgelabz.seliniumtesting.tests.LoginTest -->
