<?xml version="1.0" encoding="UTF-8"?>
<!-- Generated by org.testng.reporters.JUnitReportReporter -->
<testsuite skipped="0" hostname="Rahiman" name="com.bridgelabz.seliniumtesting.tests.NoteTest" tests="1" failures="0" timestamp="26 Apr 2020 08:41:21 GMT" time="39.607" errors="0">
  <testcase name="note" time="39.607" classname="com.bridgelabz.seliniumtesting.tests.NoteTest"/>
</testsuite> <!-- com.bridgelabz.seliniumtesting.tests.NoteTest -->
