<?xml version="1.0" encoding="UTF-8"?>
<!-- Generated by org.testng.reporters.JUnitReportReporter -->
<testsuite skipped="0" hostname="Rahiman" name="com.bridgelabz.seliniumtesting.tests.DashboardTest" tests="1" failures="0" timestamp="26 Apr 2020 07:14:56 GMT" time="31.527" errors="0">
  <testcase name="dashboard" time="31.527" classname="com.bridgelabz.seliniumtesting.tests.DashboardTest"/>
</testsuite> <!-- com.bridgelabz.seliniumtesting.tests.DashboardTest -->
